To: demetrio1598589@gmail.com
Subject: Restablecimiento de contraseña
Token: est1650666
Enlace: http://localhost/DEM/Escuela/pagina/estudiante/contrasenaestudiante.php?token=est1650666
------
To: demetrio1598589@gmail.com
Subject: Restablecimiento de contraseña
Token: est1318350
Enlace: http://localhost/DEM/Escuela/pagina/estudiante/contrasenaestudiante.php?token=est1318350
------
Email enviado a: demetrio1598589@gmail.com
Asunto: Restablecimiento de contraseña
Token: est1654587
Enlace: http://localhost/DEM/Escuela/pagina/estudiante/contrasenaestudiante.php?token=est1654587
------
Email enviado a: demetrio1598589@gmail.com
Asunto: Restablecimiento de contraseña
Token: est1995147
Enlace: http://localhost/DEM/Escuela/pagina/estudiante/contrasenaestudiante.php?token=est1995147
------
Email enviado a: demetrio1598589@gmail.com
Asunto: Restablecimiento de contraseña
Token: est1311995
Enlace: http://localhost/DEM/Escuela/pagina/restablecimiento.php?token=est1311995
------
Email enviado a: demetrio1598589@gmail.com
Asunto: Restablecimiento de contraseña
Token: prof2517089
Enlace: http://localhost/DEM/Escuela/pagina/restablecimiento.php?token=prof2517089
------
Email enviado a: demetrio1598589@gmail.com
Asunto: Restablecimiento de contraseña
Token: est1342413
Enlace: http://localhost/DEM/Escuela/pagina/restablecimiento.php?token=est1342413
------
Email enviado a: demetrio1598589@gmail.com
Asunto: Restablecimiento de contraseña
Token: est1224585
Enlace: http://localhost/DEM/Escuela/pagina/restablecimiento.php?token=est1224585
------
Email enviado a: demetrio1598589@gmail.com
Asunto: Restablecimiento de contraseña
Token: est1497483
Enlace: http://localhost/DEM/Escuela/pagina/restablecimiento.php?token=est1497483
------
Email enviado a: demetrio1598589@gmail.com
Asunto: Restablecimiento de contraseña
Token: est1948568
Enlace: http://localhost/DEM/Escuela/pagina/restablecimiento.php?token=est1948568
------
Email enviado a: demetrio1598589@gmail.com
Asunto: Restablecimiento de contraseña
Token: est1166196
Enlace: http://localhost/DEM/Escuela/pagina/restablecimiento.php?token=est1166196
------
Email enviado a: demetrio1598589@gmail.com
Asunto: Restablecimiento de contraseña
Token: est1796991
Enlace: http://localhost/DEM/Escuela/pagina/restablecimiento.php?token=est1796991
------
Email enviado a: demetrio1598589@gmail.com
Asunto: Restablecimiento de contraseña
Token: est1300236
Enlace: http://localhost/DEM/Escuela/pagina/restablecimiento.php?token=est1300236
------
Email enviado a: demetrio1598589@gmail.com
Asunto: Restablecimiento de contraseña
Token: est1396793
Enlace: http://localhost/DEM/Escuela/pagina/restablecimiento.php?token=est1396793
------
Email enviado a: demetrio1598589@gmail.com
Asunto: Restablecimiento de contraseña
Token: est1266463
Enlace: http://localhost/DEM/Escuela/pagina/restablecimiento.php?token=est1266463
------
Email enviado a: harry@hogwarts.edu
Asunto: Restablecimiento de contraseña
Token: est1433769
Enlace: http://localhost/DEM/Escuela/pagina/restablecimiento.php?token=est1433769
------
